{
  "stats": {
    "suites": 12,
    "tests": 24,
    "passes": 18,
    "pending": 0,
    "failures": 6,
    "start": "2025-11-07T02:07:10.669Z",
    "end": "2025-11-07T02:07:18.196Z",
    "duration": 7527,
    "testsRegistered": 24,
    "passPercent": 75,
    "pendingPercent": 0,
    "other": 0,
    "hasOther": false,
    "skipped": 0,
    "hasSkipped": false
  },
  "results": [
    {
      "uuid": "798069dc-6d87-4c89-863c-a003669f1b09",
      "title": "",
      "fullFile": "",
      "file": "",
      "beforeHooks": [
        {
          "title": "\"before each\" hook in \"{root}\"",
          "fullTitle": "\"before each\" hook in \"{root}\"",
          "timedOut": false,
          "duration": 27,
          "state": null,
          "speed": null,
          "pass": false,
          "fail": false,
          "pending": false,
          "context": null,
          "code": "const respostaLogin = await request(URL_DA_API)\n    .post('/auth/login')\n    .send({\n        username: 'joao.coutinho',\n        password: '123456'\n    });\ntoken = respostaLogin.body.token;",
          "err": {},
          "uuid": "c00dd028-7279-4c4b-8638-e9132d590b78",
          "parentUUID": "798069dc-6d87-4c89-863c-a003669f1b09",
          "isHook": true,
          "skipped": false
        },
        {
          "title": "\"before each\" hook in \"{root}\"",
          "fullTitle": "\"before each\" hook in \"{root}\"",
          "timedOut": false,
          "duration": 52,
          "state": null,
          "speed": null,
          "pass": false,
          "fail": false,
          "pending": false,
          "context": null,
          "code": "const respostaLogin = await request(URL_DA_API)\n    .post('/auth/login')\n    .send({\n        username: 'joao.coutinho',\n        password: '123456'\n    });\ntoken = respostaLogin.body.token;",
          "err": {},
          "uuid": "b8490bed-5718-4d19-8f5e-2227dfc6b3c8",
          "parentUUID": "798069dc-6d87-4c89-863c-a003669f1b09",
          "isHook": true,
          "skipped": false
        },
        {
          "title": "\"before each\" hook in \"{root}\"",
          "fullTitle": "\"before each\" hook in \"{root}\"",
          "timedOut": false,
          "duration": 28,
          "state": null,
          "speed": null,
          "pass": false,
          "fail": false,
          "pending": false,
          "context": null,
          "code": "const respostaLogin = await request(URL_DA_API)\n    .post('/auth/login')\n    .send({\n        username: 'joao.coutinho',\n        password: '123456'\n    });\ntoken = respostaLogin.body.token;",
          "err": {},
          "uuid": "34b366a0-7845-49c5-b90e-72b7059fcb4e",
          "parentUUID": "798069dc-6d87-4c89-863c-a003669f1b09",
          "isHook": true,
          "skipped": false
        },
        {
          "title": "\"before each\" hook in \"{root}\"",
          "fullTitle": "\"before each\" hook in \"{root}\"",
          "timedOut": false,
          "duration": 19,
          "state": null,
          "speed": null,
          "pass": false,
          "fail": false,
          "pending": false,
          "context": null,
          "code": "const respostaLogin = await request(URL_DA_API)\n    .post('/auth/login')\n    .send({\n        username: 'joao.coutinho',\n        password: '123456'\n    });\ntoken = respostaLogin.body.token;",
          "err": {},
          "uuid": "7f0b80fc-607c-40fd-a24d-e05837bd70d7",
          "parentUUID": "798069dc-6d87-4c89-863c-a003669f1b09",
          "isHook": true,
          "skipped": false
        },
        {
          "title": "\"before each\" hook in \"{root}\"",
          "fullTitle": "\"before each\" hook in \"{root}\"",
          "timedOut": false,
          "duration": 41,
          "state": null,
          "speed": null,
          "pass": false,
          "fail": false,
          "pending": false,
          "context": null,
          "code": "const respostaLogin = await request(URL_DA_API)\n    .post('/auth/login')\n    .send({\n        username: 'joao.coutinho',\n        password: '123456'\n    });\ntoken = respostaLogin.body.token;",
          "err": {},
          "uuid": "d675385c-aa04-4ee9-add8-0dfaf7719130",
          "parentUUID": "798069dc-6d87-4c89-863c-a003669f1b09",
          "isHook": true,
          "skipped": false
        },
        {
          "title": "\"before each\" hook in \"{root}\"",
          "fullTitle": "\"before each\" hook in \"{root}\"",
          "timedOut": false,
          "duration": 66,
          "state": null,
          "speed": null,
          "pass": false,
          "fail": false,
          "pending": false,
          "context": null,
          "code": "const respostaLogin = await request(URL_DA_API)\n    .post('/auth/login')\n    .send({\n        username: 'joao.coutinho',\n        password: '123456'\n    });\ntoken = respostaLogin.body.token;",
          "err": {},
          "uuid": "8f0f939d-ad89-4250-9811-931a83db3c23",
          "parentUUID": "798069dc-6d87-4c89-863c-a003669f1b09",
          "isHook": true,
          "skipped": false
        },
        {
          "title": "\"before each\" hook in \"{root}\"",
          "fullTitle": "\"before each\" hook in \"{root}\"",
          "timedOut": false,
          "duration": 67,
          "state": null,
          "speed": null,
          "pass": false,
          "fail": false,
          "pending": false,
          "context": null,
          "code": "const respostaLogin = await request(URL_DA_API)\n    .post('/auth/login')\n    .send({\n        username: 'joao.coutinho',\n        password: '123456'\n    });\ntoken = respostaLogin.body.token;",
          "err": {},
          "uuid": "c77e913c-1348-40dc-af87-56df9ab75448",
          "parentUUID": "798069dc-6d87-4c89-863c-a003669f1b09",
          "isHook": true,
          "skipped": false
        }
      ],
      "afterHooks": [],
      "tests": [],
      "suites": [
        {
          "uuid": "7d96d444-9324-4f1e-a8a7-a42227ef2728",
          "title": "Autenticação de usuário administrador",
          "fullFile": "C:\\Users\\João\\Documents\\Mentoria 2.0\\Portfolio Pessoal\\bike-store-application\\tests\\api\\autenticacao\\autenticarAdministrador.test.js",
          "file": "\\tests\\api\\autenticacao\\autenticarAdministrador.test.js",
          "beforeHooks": [],
          "afterHooks": [],
          "tests": [
            {
              "title": "O usuário administrador deve ser autenticado com credenciais válidas",
              "fullTitle": "Autenticação de usuário administrador O usuário administrador deve ser autenticado com credenciais válidas",
              "timedOut": false,
              "duration": 47,
              "state": "passed",
              "speed": "medium",
              "pass": true,
              "fail": false,
              "pending": false,
              "context": null,
              "code": "const response = await request(URL_DA_API)\n    .post('/auth/login')\n    .send({\n        username: 'joao.coutinho',\n        password: '123456'\n    });\nexpect(response.statusCode).to.equal(200);",
              "err": {},
              "uuid": "acd40cc1-008a-4f46-b176-aa6d39ecab24",
              "parentUUID": "7d96d444-9324-4f1e-a8a7-a42227ef2728",
              "isHook": false,
              "skipped": false
            },
            {
              "title": "O usuário administrador não deve ser autenticado com credenciais inválidas",
              "fullTitle": "Autenticação de usuário administrador O usuário administrador não deve ser autenticado com credenciais inválidas",
              "timedOut": false,
              "duration": 47,
              "state": "passed",
              "speed": "medium",
              "pass": true,
              "fail": false,
              "pending": false,
              "context": null,
              "code": "const response = await request(URL_DA_API)\n    .post('/auth/login')\n    .send({\n        username: 'joao.coutinho',\n        password: 'senha_invalida'\n    });\nexpect(response.statusCode).to.equal(401);",
              "err": {},
              "uuid": "3b99630a-86d2-438d-89c5-44ee374cc6f5",
              "parentUUID": "7d96d444-9324-4f1e-a8a7-a42227ef2728",
              "isHook": false,
              "skipped": false
            }
          ],
          "suites": [],
          "passes": [
            "acd40cc1-008a-4f46-b176-aa6d39ecab24",
            "3b99630a-86d2-438d-89c5-44ee374cc6f5"
          ],
          "failures": [],
          "pending": [],
          "skipped": [],
          "duration": 94,
          "root": false,
          "rootEmpty": false,
          "_timeout": 2000
        },
        {
          "uuid": "0b1753b3-a8cd-4db3-afb0-3c47d8477f2c",
          "title": "Autenticação de usuário do tipo funcionário",
          "fullFile": "C:\\Users\\João\\Documents\\Mentoria 2.0\\Portfolio Pessoal\\bike-store-application\\tests\\api\\autenticacao\\autenticarFuncionario.test.js",
          "file": "\\tests\\api\\autenticacao\\autenticarFuncionario.test.js",
          "beforeHooks": [],
          "afterHooks": [],
          "tests": [
            {
              "title": "O usuário do tipo funcionário deve ser autenticado com credenciais válidas",
              "fullTitle": "Autenticação de usuário do tipo funcionário O usuário do tipo funcionário deve ser autenticado com credenciais válidas",
              "timedOut": false,
              "duration": 57,
              "state": "passed",
              "speed": "medium",
              "pass": true,
              "fail": false,
              "pending": false,
              "context": null,
              "code": "const response = await request(URL_DA_API)\n    .post('/auth/login')\n    .send({\n        username: 'tiago.barbosa',\n        password: '123456'\n    });\nexpect(response.statusCode).to.equal(200);",
              "err": {},
              "uuid": "fab54cd6-fa66-4a20-87a3-7062594dc694",
              "parentUUID": "0b1753b3-a8cd-4db3-afb0-3c47d8477f2c",
              "isHook": false,
              "skipped": false
            },
            {
              "title": "O usuário do tipo funcionário não deve ser autenticado com credenciais inválidas",
              "fullTitle": "Autenticação de usuário do tipo funcionário O usuário do tipo funcionário não deve ser autenticado com credenciais inválidas",
              "timedOut": false,
              "duration": 60,
              "state": "passed",
              "speed": "medium",
              "pass": true,
              "fail": false,
              "pending": false,
              "context": null,
              "code": "const response = await request(URL_DA_API)\n    .post('/auth/login')\n    .send({\n        username: 'tiago.barbosa',\n        password: 'senha_invalida'\n    });\nexpect(response.statusCode).to.equal(401);",
              "err": {},
              "uuid": "66d3b27d-6abe-4ee1-b1fc-45053ea7c038",
              "parentUUID": "0b1753b3-a8cd-4db3-afb0-3c47d8477f2c",
              "isHook": false,
              "skipped": false
            }
          ],
          "suites": [],
          "passes": [
            "fab54cd6-fa66-4a20-87a3-7062594dc694",
            "66d3b27d-6abe-4ee1-b1fc-45053ea7c038"
          ],
          "failures": [],
          "pending": [],
          "skipped": [],
          "duration": 117,
          "root": false,
          "rootEmpty": false,
          "_timeout": 2000
        },
        {
          "uuid": "b6ba4bc6-cb55-46d1-a2c9-818b02f51964",
          "title": "Atualizar cliente específico",
          "fullFile": "C:\\Users\\João\\Documents\\Mentoria 2.0\\Portfolio Pessoal\\bike-store-application\\tests\\api\\clientes\\atualizarClientes.test.js",
          "file": "\\tests\\api\\clientes\\atualizarClientes.test.js",
          "beforeHooks": [],
          "afterHooks": [],
          "tests": [
            {
              "title": "Deve atualizar um cliente específico",
              "fullTitle": "Atualizar cliente específico Deve atualizar um cliente específico",
              "timedOut": false,
              "duration": 9,
              "state": "passed",
              "speed": "fast",
              "pass": true,
              "fail": false,
              "pending": false,
              "context": null,
              "code": "const cadastrar_cliente = await request(URL_DA_API)\n    .post('/clientes')\n    .set('Authorization', `Bearer ${token}`)\n    .send({\n        Id: 1,\n        nome: 'cliente 1',\n        email: 'cliente1@email.com',\n        telefone: '1234567890'\n    });\nconst id_retornado = cadastrar_cliente.body.id;\nconst resposta = await request(URL_DA_API)\n    .put(`/clientes/${id_retornado}`)\n    .set('Authorization', `Bearer ${token}`)\n    .send({\n        nome: 'cliente atualizado',\n        email: 'cliente_atualizado@email.com',\n        telefone: '0987654321'\n    });\nexpect(resposta.statusCode).to.equal(200);",
              "err": {},
              "uuid": "f6c89742-e9ee-407f-bfa1-c09db6a74363",
              "parentUUID": "b6ba4bc6-cb55-46d1-a2c9-818b02f51964",
              "isHook": false,
              "skipped": false
            },
            {
              "title": "Deve atualizar um cliente específico com dados inválidos",
              "fullTitle": "Atualizar cliente específico Deve atualizar um cliente específico com dados inválidos",
              "timedOut": false,
              "duration": 7,
              "state": "passed",
              "speed": "fast",
              "pass": true,
              "fail": false,
              "pending": false,
              "context": null,
              "code": "const resposta = await request(URL_DA_API)\n    .put(`/clientes/ID_inválido`)\n    .set('Authorization', `Bearer ${token}`)\n    .send({\n        nome: 'cliente 1 atualizado',\n        email: 'cliente1atualizado@email.com',\n        telefone: '0987654321'\n    });\nexpect(resposta.statusCode).to.equal(404);",
              "err": {},
              "uuid": "f8c1f8f5-70aa-4e8c-9694-9f5b1be7de81",
              "parentUUID": "b6ba4bc6-cb55-46d1-a2c9-818b02f51964",
              "isHook": false,
              "skipped": false
            }
          ],
          "suites": [],
          "passes": [
            "f6c89742-e9ee-407f-bfa1-c09db6a74363",
            "f8c1f8f5-70aa-4e8c-9694-9f5b1be7de81"
          ],
          "failures": [],
          "pending": [],
          "skipped": [],
          "duration": 16,
          "root": false,
          "rootEmpty": false,
          "_timeout": 2000
        },
        {
          "uuid": "c4e9215b-d073-41fc-81ab-7fb7b4256953",
          "title": "Cadastro de novo cliente",
          "fullFile": "C:\\Users\\João\\Documents\\Mentoria 2.0\\Portfolio Pessoal\\bike-store-application\\tests\\api\\clientes\\cadastrarCliente.test.js",
          "file": "\\tests\\api\\clientes\\cadastrarCliente.test.js",
          "beforeHooks": [
            {
              "title": "\"before each\" hook in \"Cadastro de novo cliente\"",
              "fullTitle": "Cadastro de novo cliente \"before each\" hook in \"Cadastro de novo cliente\"",
              "timedOut": false,
              "duration": 35,
              "state": null,
              "speed": null,
              "pass": false,
              "fail": false,
              "pending": false,
              "context": null,
              "code": "const respostaLogin = await request(URL_DA_API)\n    .post('/auth/login')\n    .send({\n        username: 'joao.coutinho',\n        password: '123456'\n    });\ntoken = respostaLogin.body.token;",
              "err": {},
              "uuid": "37b996a4-45ab-4047-b0b1-a5695427628a",
              "parentUUID": "c4e9215b-d073-41fc-81ab-7fb7b4256953",
              "isHook": true,
              "skipped": false
            }
          ],
          "afterHooks": [],
          "tests": [
            {
              "title": "Deve ser possível cadastrar um novo cliente com credenciais válidas",
              "fullTitle": "Cadastro de novo cliente Deve ser possível cadastrar um novo cliente com credenciais válidas",
              "timedOut": false,
              "duration": 6,
              "state": "passed",
              "speed": "fast",
              "pass": true,
              "fail": false,
              "pending": false,
              "context": null,
              "code": "const resposta = await request(URL_DA_API)\n    .post('/clientes')\n    .set('Authorization', `Bearer ${token}`)\n    .send({\n        Id: 1,\n        nome: 'cliente 1',\n        email: 'cliente1@email.com',\n        telefone: '1234567890'\n    });\nexpect(resposta.statusCode).to.equal(201);",
              "err": {},
              "uuid": "f8d937b7-cd3a-437c-9587-03a00decb4ea",
              "parentUUID": "c4e9215b-d073-41fc-81ab-7fb7b4256953",
              "isHook": false,
              "skipped": false
            },
            {
              "title": "Um erro deve ser retornado ao tentar cadastrar um cliente com dados inválidos",
              "fullTitle": "Cadastro de novo cliente Um erro deve ser retornado ao tentar cadastrar um cliente com dados inválidos",
              "timedOut": false,
              "duration": 8,
              "state": "failed",
              "speed": null,
              "pass": false,
              "fail": true,
              "pending": false,
              "context": null,
              "code": "const response = await request(URL_DA_API)\n    .post('/clientes')\n    .set('Authorization', `Bearer ${token}`)\n    .send({\n        Id: 2,\n        nome: '',\n        email: 'email_invalido',\n        telefone: 'telefone_invalido'\n    });\nexpect(response.statusCode).to.equal(401);",
              "err": {
                "message": "AssertionError: expected 201 to equal 401",
                "estack": "AssertionError: expected 201 to equal 401\n    at Context.<anonymous> (file:///C:/Users/Jo%C3%A3o/Documents/Mentoria%202.0/Portfolio%20Pessoal/bike-store-application/tests/api/clientes/cadastrarCliente.test.js:41:40)\n    at process.processTicksAndRejections (node:internal/process/task_queues:105:5)",
                "diff": "- 201\n+ 401\n"
              },
              "uuid": "86103a45-15cc-40fa-9381-0070d3aa208c",
              "parentUUID": "c4e9215b-d073-41fc-81ab-7fb7b4256953",
              "isHook": false,
              "skipped": false
            }
          ],
          "suites": [],
          "passes": [
            "f8d937b7-cd3a-437c-9587-03a00decb4ea"
          ],
          "failures": [
            "86103a45-15cc-40fa-9381-0070d3aa208c"
          ],
          "pending": [],
          "skipped": [],
          "duration": 14,
          "root": false,
          "rootEmpty": false,
          "_timeout": 2000
        },
        {
          "uuid": "d408b683-f4df-4198-876e-179a5bc5f625",
          "title": "Excluir cliente específico",
          "fullFile": "C:\\Users\\João\\Documents\\Mentoria 2.0\\Portfolio Pessoal\\bike-store-application\\tests\\api\\clientes\\excluirCliente.test.js",
          "file": "\\tests\\api\\clientes\\excluirCliente.test.js",
          "beforeHooks": [
            {
              "title": "\"before each\" hook in \"Excluir cliente específico\"",
              "fullTitle": "Excluir cliente específico \"before each\" hook in \"Excluir cliente específico\"",
              "timedOut": false,
              "duration": 31,
              "state": null,
              "speed": null,
              "pass": false,
              "fail": false,
              "pending": false,
              "context": null,
              "code": "const respostaLogin = await request(URL_DA_API)\n    .post('/auth/login')\n    .send({\n        username: 'joao.coutinho',\n        password: '123456'\n    });\ntoken = respostaLogin.body.token;",
              "err": {},
              "uuid": "0b00d7ce-7ad0-41c5-a11a-0f5787c06a4d",
              "parentUUID": "d408b683-f4df-4198-876e-179a5bc5f625",
              "isHook": true,
              "skipped": false
            }
          ],
          "afterHooks": [],
          "tests": [
            {
              "title": "Deve excluir um cliente existente",
              "fullTitle": "Excluir cliente específico Deve excluir um cliente existente",
              "timedOut": false,
              "duration": 12,
              "state": "passed",
              "speed": "fast",
              "pass": true,
              "fail": false,
              "pending": false,
              "context": null,
              "code": "const cadastrar_cliente = await request(URL_DA_API)\n    .post('/clientes')\n    .set('Authorization', `Bearer ${token}`)\n    .send({\n        Id: 1,\n        nome: 'cliente 1',\n        email: 'cliente1@email.com',\n        telefone: '1234567890'\n    });\nconst id_retornado = cadastrar_cliente.body.id;\nconst resposta = await request(URL_DA_API)\n    .delete(`/clientes/${id_retornado}`)\n    .set('Authorization', `Bearer ${token}`);\nexpect(resposta.statusCode).to.equal(204);",
              "err": {},
              "uuid": "d0c5003b-4c62-4cce-9616-08f4ee124f2b",
              "parentUUID": "d408b683-f4df-4198-876e-179a5bc5f625",
              "isHook": false,
              "skipped": false
            },
            {
              "title": "Não deve excluir um cliente com ID inválido",
              "fullTitle": "Excluir cliente específico Não deve excluir um cliente com ID inválido",
              "timedOut": false,
              "duration": 5,
              "state": "passed",
              "speed": "fast",
              "pass": true,
              "fail": false,
              "pending": false,
              "context": null,
              "code": "const resposta = await request(URL_DA_API)\n    .delete('/clientes/99999')\n    .set('Authorization', `Bearer ${token}`);\nexpect(resposta.statusCode).to.equal(404);",
              "err": {},
              "uuid": "1b502617-9489-4cc5-9f17-319848a58147",
              "parentUUID": "d408b683-f4df-4198-876e-179a5bc5f625",
              "isHook": false,
              "skipped": false
            }
          ],
          "suites": [],
          "passes": [
            "d0c5003b-4c62-4cce-9616-08f4ee124f2b",
            "1b502617-9489-4cc5-9f17-319848a58147"
          ],
          "failures": [],
          "pending": [],
          "skipped": [],
          "duration": 17,
          "root": false,
          "rootEmpty": false,
          "_timeout": 2000
        },
        {
          "uuid": "f28cefeb-1b91-4e24-a7ee-cd92fa48c9ad",
          "title": "Filtrar cliente especifico",
          "fullFile": "C:\\Users\\João\\Documents\\Mentoria 2.0\\Portfolio Pessoal\\bike-store-application\\tests\\api\\clientes\\filtrarCliente.test.js",
          "file": "\\tests\\api\\clientes\\filtrarCliente.test.js",
          "beforeHooks": [
            {
              "title": "\"before each\" hook in \"Filtrar cliente especifico\"",
              "fullTitle": "Filtrar cliente especifico \"before each\" hook in \"Filtrar cliente especifico\"",
              "timedOut": false,
              "duration": 43,
              "state": null,
              "speed": null,
              "pass": false,
              "fail": false,
              "pending": false,
              "context": null,
              "code": "const respostaLogin = await request(URL_DA_API)\n    .post('/auth/login')\n    .send({\n        username: 'joao.coutinho',\n        password: '123456'\n    });\ntoken = respostaLogin.body.token;",
              "err": {},
              "uuid": "3a077518-d6d8-4ece-b541-9d0c3245f509",
              "parentUUID": "f28cefeb-1b91-4e24-a7ee-cd92fa48c9ad",
              "isHook": true,
              "skipped": false
            }
          ],
          "afterHooks": [],
          "tests": [
            {
              "title": "Deve filtrar cliente específico por ID válido",
              "fullTitle": "Filtrar cliente especifico Deve filtrar cliente específico por ID válido",
              "timedOut": false,
              "duration": 14,
              "state": "passed",
              "speed": "fast",
              "pass": true,
              "fail": false,
              "pending": false,
              "context": null,
              "code": "const cadastrar_cliente = await request(URL_DA_API)\n    .post('/clientes')\n    .set('Authorization', `Bearer ${token}`)\n    .send({\n        Id: 1,\n        nome: 'cliente 1',\n        email: 'cliente1@email.com',\n        telefone: '1234567890'\n    });\nconst id_retornado = cadastrar_cliente.body.id;\nconst resposta = await request(URL_DA_API)\n    .get(`/clientes/?id=${id_retornado}`)\n    .set('Authorization', `Bearer ${token}`);\nexpect(resposta.statusCode).to.equal(200);",
              "err": {},
              "uuid": "28780eef-329d-417b-bbfa-08602785c60f",
              "parentUUID": "f28cefeb-1b91-4e24-a7ee-cd92fa48c9ad",
              "isHook": false,
              "skipped": false
            },
            {
              "title": "Não deve filtrar nenhum cliente com ID inválido",
              "fullTitle": "Filtrar cliente especifico Não deve filtrar nenhum cliente com ID inválido",
              "timedOut": false,
              "duration": 7,
              "state": "failed",
              "speed": null,
              "pass": false,
              "fail": true,
              "pending": false,
              "context": null,
              "code": "const response = await request(URL_DA_API)\n    .get('/clientes/?id=29999')\n    .set('Authorization', `Bearer ${token}`);\nexpect(response.statusCode).to.equal(404);",
              "err": {
                "message": "AssertionError: expected 200 to equal 404",
                "estack": "AssertionError: expected 200 to equal 404\n    at Context.<anonymous> (file:///C:/Users/Jo%C3%A3o/Documents/Mentoria%202.0/Portfolio%20Pessoal/bike-store-application/tests/api/clientes/filtrarCliente.test.js:40:40)\n    at process.processTicksAndRejections (node:internal/process/task_queues:105:5)",
                "diff": "- 200\n+ 404\n"
              },
              "uuid": "14eb358e-26b4-4784-b646-3916e5fff6c8",
              "parentUUID": "f28cefeb-1b91-4e24-a7ee-cd92fa48c9ad",
              "isHook": false,
              "skipped": false
            }
          ],
          "suites": [],
          "passes": [
            "28780eef-329d-417b-bbfa-08602785c60f"
          ],
          "failures": [
            "14eb358e-26b4-4784-b646-3916e5fff6c8"
          ],
          "pending": [],
          "skipped": [],
          "duration": 21,
          "root": false,
          "rootEmpty": false,
          "_timeout": 2000
        },
        {
          "uuid": "a2a3a8ee-24fc-440c-83dc-672b3134fbb1",
          "title": "Listar todos os clientes",
          "fullFile": "C:\\Users\\João\\Documents\\Mentoria 2.0\\Portfolio Pessoal\\bike-store-application\\tests\\api\\clientes\\listarClientes.test.js",
          "file": "\\tests\\api\\clientes\\listarClientes.test.js",
          "beforeHooks": [],
          "afterHooks": [],
          "tests": [
            {
              "title": "Deve retornar todos os clientes cadastrados",
              "fullTitle": "Listar todos os clientes Deve retornar todos os clientes cadastrados",
              "timedOut": false,
              "duration": 4,
              "state": "failed",
              "speed": null,
              "pass": false,
              "fail": true,
              "pending": false,
              "context": null,
              "code": "const resposta = await request(URL_DA_API)\n    .post('/clientes')\n    .set('Authorization', `Bearer ${token}`)\n    .send({\n        Id: 1,\n        nome: 'cliente 1',\n        email: 'cliente1@email.com',\n        telefone: '1234567890'\n    });\nexpect(resposta.statusCode).to.equal(200);",
              "err": {
                "message": "AssertionError: expected 201 to equal 200",
                "estack": "AssertionError: expected 201 to equal 200\n    at Context.<anonymous> (file:///C:/Users/Jo%C3%A3o/Documents/Mentoria%202.0/Portfolio%20Pessoal/bike-store-application/tests/api/clientes/listarClientes.test.js:28:40)\n    at process.processTicksAndRejections (node:internal/process/task_queues:105:5)",
                "diff": "- 201\n+ 200\n"
              },
              "uuid": "5e169d87-8b3a-41d0-98eb-5e513b0dce30",
              "parentUUID": "a2a3a8ee-24fc-440c-83dc-672b3134fbb1",
              "isHook": false,
              "skipped": false
            },
            {
              "title": "Não deve retornar nenhum cliente caso o Token seja inválido",
              "fullTitle": "Listar todos os clientes Não deve retornar nenhum cliente caso o Token seja inválido",
              "timedOut": false,
              "duration": 3,
              "state": "failed",
              "speed": null,
              "pass": false,
              "fail": true,
              "pending": false,
              "context": null,
              "code": "const resposta = await request(URL_DA_API)\n    .get('/clientes')\n    .set('Authorization', `Bearer ${'token_invalido'}`);\nexpect(resposta.statusCode).to.equal(404);",
              "err": {
                "message": "AssertionError: expected 403 to equal 404",
                "estack": "AssertionError: expected 403 to equal 404\n    at Context.<anonymous> (file:///C:/Users/Jo%C3%A3o/Documents/Mentoria%202.0/Portfolio%20Pessoal/bike-store-application/tests/api/clientes/listarClientes.test.js:35:40)\n    at process.processTicksAndRejections (node:internal/process/task_queues:105:5)",
                "diff": "- 403\n+ 404\n"
              },
              "uuid": "6c3dc34f-1fe4-4250-ab44-3fc041ef1270",
              "parentUUID": "a2a3a8ee-24fc-440c-83dc-672b3134fbb1",
              "isHook": false,
              "skipped": false
            }
          ],
          "suites": [],
          "passes": [],
          "failures": [
            "5e169d87-8b3a-41d0-98eb-5e513b0dce30",
            "6c3dc34f-1fe4-4250-ab44-3fc041ef1270"
          ],
          "pending": [],
          "skipped": [],
          "duration": 7,
          "root": false,
          "rootEmpty": false,
          "_timeout": 2000
        },
        {
          "uuid": "34247774-db40-432a-b782-0fd2ca5d140f",
          "title": "Agendar serviço",
          "fullFile": "C:\\Users\\João\\Documents\\Mentoria 2.0\\Portfolio Pessoal\\bike-store-application\\tests\\api\\servicos\\agendarServico.test.js",
          "file": "\\tests\\api\\servicos\\agendarServico.test.js",
          "beforeHooks": [],
          "afterHooks": [],
          "tests": [
            {
              "title": "Deve agendar um serviço com sucesso",
              "fullTitle": "Agendar serviço Deve agendar um serviço com sucesso",
              "timedOut": false,
              "duration": 15,
              "state": "passed",
              "speed": "fast",
              "pass": true,
              "fail": false,
              "pending": false,
              "context": null,
              "code": "const cadastrar_cliente = await request(URL_DA_API)\n    .post('/clientes')\n    .set('Authorization', `Bearer ${token}`)\n    .send({\n        Id: 1,\n        nome: 'cliente 1',\n        email: 'cliente1@email.com',\n        telefone: '1234567890'\n    });\nconst id_retornado = cadastrar_cliente.body.id;\nconst resposta = await request(URL_DA_API)\n    .post('/servicos')\n    .set('Authorization', `Bearer ${token}`)\n    .send({\n        Id: 1,\n        descricao: 'Revisão simples',\n        data: '2023-11-10',\n        clientId: id_retornado,\n        hora: '10:00',\n    });\nexpect(resposta.statusCode).to.equal(201);",
              "err": {},
              "uuid": "113bacb0-f5a8-4082-929b-7c7af87970d9",
              "parentUUID": "34247774-db40-432a-b782-0fd2ca5d140f",
              "isHook": false,
              "skipped": false
            },
            {
              "title": "Não deve agendar um serviço com dados inválidos",
              "fullTitle": "Agendar serviço Não deve agendar um serviço com dados inválidos",
              "timedOut": false,
              "duration": 5,
              "state": "failed",
              "speed": null,
              "pass": false,
              "fail": true,
              "pending": false,
              "context": null,
              "code": "const resposta = await request(URL_DA_API)\n    .post('/servicos')\n    .set('Authorization', `Bearer ${token}`)\n    .send({\n        Id: 1,\n        descricao: '',\n        data: 'Data_invalida',\n        clientId: 9999,\n        hora: '10:00',\n    });\nexpect(resposta.statusCode).to.equal(401);",
              "err": {
                "message": "AssertionError: expected 201 to equal 401",
                "estack": "AssertionError: expected 201 to equal 401\n    at Context.<anonymous> (file:///C:/Users/Jo%C3%A3o/Documents/Mentoria%202.0/Portfolio%20Pessoal/bike-store-application/tests/api/servicos/agendarServico.test.js:54:40)\n    at process.processTicksAndRejections (node:internal/process/task_queues:105:5)",
                "diff": "- 201\n+ 401\n"
              },
              "uuid": "88bc9d84-6248-4560-b236-cb0c9698a52c",
              "parentUUID": "34247774-db40-432a-b782-0fd2ca5d140f",
              "isHook": false,
              "skipped": false
            }
          ],
          "suites": [],
          "passes": [
            "113bacb0-f5a8-4082-929b-7c7af87970d9"
          ],
          "failures": [
            "88bc9d84-6248-4560-b236-cb0c9698a52c"
          ],
          "pending": [],
          "skipped": [],
          "duration": 20,
          "root": false,
          "rootEmpty": false,
          "_timeout": 2000
        },
        {
          "uuid": "09b2bbbe-413d-4a1c-a545-383ffacea12f",
          "title": "Atualizar serviço específico",
          "fullFile": "C:\\Users\\João\\Documents\\Mentoria 2.0\\Portfolio Pessoal\\bike-store-application\\tests\\api\\servicos\\atualizarServicos.test.js",
          "file": "\\tests\\api\\servicos\\atualizarServicos.test.js",
          "beforeHooks": [],
          "afterHooks": [],
          "tests": [
            {
              "title": "Deve atualizar um serviço com sucesso",
              "fullTitle": "Atualizar serviço específico Deve atualizar um serviço com sucesso",
              "timedOut": false,
              "duration": 23,
              "state": "passed",
              "speed": "fast",
              "pass": true,
              "fail": false,
              "pending": false,
              "context": null,
              "code": "const cadastrar_cliente = await request(URL_DA_API)\n    .post('/clientes')\n    .set('Authorization', `Bearer ${token}`)\n    .send({\n        Id: 1,\n        nome: 'cliente 1',\n        email: 'cliente1@email.com',\n        telefone: '1234567890'\n    });\nconst id_retornado = cadastrar_cliente.body.id;\nconst cadastrar_servico = await request(URL_DA_API)\n    .post('/servicos')\n    .set('Authorization', `Bearer ${token}`)\n    .send({\n        Id: 1,\n        descricao: 'Revisão simples',\n        data: '2023-11-10',\n        clientId: id_retornado,\n        hora: '10:00',\n    });\nconst id_servico = cadastrar_servico.body.id;\nconst resposta = await request(URL_DA_API)\n    .put(`/servicos/${id_servico}`)\n    .set('Authorization', `Bearer ${token}`)\n    .send({\n        descricao: 'Revisão completa',\n        data: '2023-11-11',\n        clientId: id_retornado,\n        hora: '10:00',\n    });\nexpect(resposta.statusCode).to.equal(200);",
              "err": {},
              "uuid": "152d1206-0bd2-4b58-8135-65eaf043831f",
              "parentUUID": "09b2bbbe-413d-4a1c-a545-383ffacea12f",
              "isHook": false,
              "skipped": false
            },
            {
              "title": "Não deve atualizar um serviço com dados inválidos",
              "fullTitle": "Atualizar serviço específico Não deve atualizar um serviço com dados inválidos",
              "timedOut": false,
              "duration": 4,
              "state": "passed",
              "speed": "fast",
              "pass": true,
              "fail": false,
              "pending": false,
              "context": null,
              "code": "const resposta = await request(URL_DA_API)\n    .put(`/servicos/ID_inválido`)\n    .set('Authorization', `Bearer ${token}`)\n    .send({\n        descricao: 'Revisão completa',\n        data: '2023-11-11',\n        clientId: 9999,\n        hora: '11:00',\n    });\nexpect(resposta.statusCode).to.equal(404);",
              "err": {},
              "uuid": "384b5503-6f86-4510-9e90-95e7e8dfe170",
              "parentUUID": "09b2bbbe-413d-4a1c-a545-383ffacea12f",
              "isHook": false,
              "skipped": false
            }
          ],
          "suites": [],
          "passes": [
            "152d1206-0bd2-4b58-8135-65eaf043831f",
            "384b5503-6f86-4510-9e90-95e7e8dfe170"
          ],
          "failures": [],
          "pending": [],
          "skipped": [],
          "duration": 27,
          "root": false,
          "rootEmpty": false,
          "_timeout": 2000
        },
        {
          "uuid": "1d3d783f-a768-475c-8e7b-34b57fe99aab",
          "title": "Excluir serviço específico",
          "fullFile": "C:\\Users\\João\\Documents\\Mentoria 2.0\\Portfolio Pessoal\\bike-store-application\\tests\\api\\servicos\\excluirServico.test.js",
          "file": "\\tests\\api\\servicos\\excluirServico.test.js",
          "beforeHooks": [],
          "afterHooks": [],
          "tests": [
            {
              "title": "Deve excluir um serviço com sucesso",
              "fullTitle": "Excluir serviço específico Deve excluir um serviço com sucesso",
              "timedOut": false,
              "duration": 12,
              "state": "passed",
              "speed": "fast",
              "pass": true,
              "fail": false,
              "pending": false,
              "context": null,
              "code": "const cadastrarCliente = await request(URL_DA_API)\n    .post('/clientes')\n    .set('Authorization', `Bearer ${token}`)\n    .send({\n        Id: 1,\n        nome: 'cliente 1',\n        email: 'cliente1@email.com',\n        telefone: '1234567890'\n    });\nconst id_retornado = cadastrarCliente.body.id;\nconst cadastrarServico = await request(URL_DA_API)\n    .post('/servicos')\n    .set('Authorization', `Bearer ${token}`)\n    .send({\n        Id: 1,\n        descricao: 'Manutenção manopla',\n        data: '2025-12-10',\n        clientId: id_retornado,\n        hora: '11:00',\n    });\nconst id_servico = cadastrarServico.body.id;\nconst resposta = await request(URL_DA_API)\n    .delete(`/servicos/${id_servico}`)\n    .set('Authorization', `Bearer ${token}`);\nexpect(resposta.statusCode).to.equal(204);",
              "err": {},
              "uuid": "8c4b6505-d744-454b-a9e6-69222326a7db",
              "parentUUID": "1d3d783f-a768-475c-8e7b-34b57fe99aab",
              "isHook": false,
              "skipped": false
            },
            {
              "title": "Não deve excluir um serviço com ID inválido",
              "fullTitle": "Excluir serviço específico Não deve excluir um serviço com ID inválido",
              "timedOut": false,
              "duration": 4,
              "state": "passed",
              "speed": "fast",
              "pass": true,
              "fail": false,
              "pending": false,
              "context": null,
              "code": "const resposta = await request(URL_DA_API)\n    .delete(`/servicos/ID_inválido`)\n    .set('Authorization', `Bearer ${token}`);\nexpect(resposta.statusCode).to.equal(404);",
              "err": {},
              "uuid": "1a764746-6bcb-4634-aa73-7e15e35a9661",
              "parentUUID": "1d3d783f-a768-475c-8e7b-34b57fe99aab",
              "isHook": false,
              "skipped": false
            }
          ],
          "suites": [],
          "passes": [
            "8c4b6505-d744-454b-a9e6-69222326a7db",
            "1a764746-6bcb-4634-aa73-7e15e35a9661"
          ],
          "failures": [],
          "pending": [],
          "skipped": [],
          "duration": 16,
          "root": false,
          "rootEmpty": false,
          "_timeout": 2000
        },
        {
          "uuid": "290ec895-b67e-4e48-b7f7-d6ced78b3a88",
          "title": "Filtrar serviço específico",
          "fullFile": "C:\\Users\\João\\Documents\\Mentoria 2.0\\Portfolio Pessoal\\bike-store-application\\tests\\api\\servicos\\filtrarServico.test.js",
          "file": "\\tests\\api\\servicos\\filtrarServico.test.js",
          "beforeHooks": [],
          "afterHooks": [],
          "tests": [
            {
              "title": "Deve filtrar um serviço com sucesso",
              "fullTitle": "Filtrar serviço específico Deve filtrar um serviço com sucesso",
              "timedOut": false,
              "duration": 23,
              "state": "passed",
              "speed": "fast",
              "pass": true,
              "fail": false,
              "pending": false,
              "context": null,
              "code": "const cadastrar_cliente = await request(URL_DA_API)\n    .post('/clientes')\n    .set('Authorization', `Bearer ${token}`)\n    .send({\n        Id: 1,\n        nome: 'cliente 1',\n        email: 'cliente1@email.com',\n        telefone: '1234567890'\n    });\nconst id_retornado = cadastrar_cliente.body.id;\nconst cadastrar_servico = await request(URL_DA_API)\n    .post('/servicos')\n    .set('Authorization', `Bearer ${token}`)\n    .send({\n        Id: 1,\n        descricao: 'Revisão simples',\n        data: '2023-11-10',\n        clientId: id_retornado,\n        hora: '10:00',\n    });\nconst id_servico = cadastrar_servico.body.id;\nconst resposta = await request(URL_DA_API)\n    .get(`/servicos/${id_servico}`)\n    .set('Authorization', `Bearer ${token}`);\nexpect(resposta.statusCode).to.equal(200);",
              "err": {},
              "uuid": "308b7e49-f406-4bc6-9901-69f944767b79",
              "parentUUID": "290ec895-b67e-4e48-b7f7-d6ced78b3a88",
              "isHook": false,
              "skipped": false
            },
            {
              "title": "Não deve filtrar um serviço com ID inválido",
              "fullTitle": "Filtrar serviço específico Não deve filtrar um serviço com ID inválido",
              "timedOut": false,
              "duration": 8,
              "state": "passed",
              "speed": "fast",
              "pass": true,
              "fail": false,
              "pending": false,
              "context": null,
              "code": "const resposta = await request(URL_DA_API)\n    .get(`/servicos/ID_inválido`)\n    .set('Authorization', `Bearer ${token}`);\nexpect(resposta.statusCode).to.equal(404);",
              "err": {},
              "uuid": "3bfeb485-3f30-478d-ba62-ca9f582c3942",
              "parentUUID": "290ec895-b67e-4e48-b7f7-d6ced78b3a88",
              "isHook": false,
              "skipped": false
            }
          ],
          "suites": [],
          "passes": [
            "308b7e49-f406-4bc6-9901-69f944767b79",
            "3bfeb485-3f30-478d-ba62-ca9f582c3942"
          ],
          "failures": [],
          "pending": [],
          "skipped": [],
          "duration": 31,
          "root": false,
          "rootEmpty": false,
          "_timeout": 2000
        },
        {
          "uuid": "00a4b05b-e165-4554-aeae-5bdbb60fdfc3",
          "title": "Listar todos os serviços",
          "fullFile": "C:\\Users\\João\\Documents\\Mentoria 2.0\\Portfolio Pessoal\\bike-store-application\\tests\\api\\servicos\\listarServicos.test.js",
          "file": "\\tests\\api\\servicos\\listarServicos.test.js",
          "beforeHooks": [],
          "afterHooks": [],
          "tests": [
            {
              "title": "Deve listar todos os serviços com sucesso",
              "fullTitle": "Listar todos os serviços Deve listar todos os serviços com sucesso",
              "timedOut": false,
              "duration": 6,
              "state": "passed",
              "speed": "fast",
              "pass": true,
              "fail": false,
              "pending": false,
              "context": null,
              "code": "const resposta = await request(URL_DA_API)\n    .get('/servicos')\n    .set('Authorization', `Bearer ${token}`);\nexpect(resposta.statusCode).to.equal(200);",
              "err": {},
              "uuid": "01e9757a-a1c3-4019-852b-821c866e7d08",
              "parentUUID": "00a4b05b-e165-4554-aeae-5bdbb60fdfc3",
              "isHook": false,
              "skipped": false
            },
            {
              "title": "Deve retornar um erro ao listar serviços com token inválido",
              "fullTitle": "Listar todos os serviços Deve retornar um erro ao listar serviços com token inválido",
              "timedOut": false,
              "duration": 5,
              "state": "failed",
              "speed": null,
              "pass": false,
              "fail": true,
              "pending": false,
              "context": null,
              "code": "const resposta = await request(URL_DA_API)\n    .get('/servicos')\n    .set('Authorization', `Bearer token_invalido`);\nexpect(resposta.statusCode).to.equal(401);",
              "err": {
                "message": "AssertionError: expected 403 to equal 401",
                "estack": "AssertionError: expected 403 to equal 401\n    at Context.<anonymous> (file:///C:/Users/Jo%C3%A3o/Documents/Mentoria%202.0/Portfolio%20Pessoal/bike-store-application/tests/api/servicos/listarServicos.test.js:29:40)\n    at process.processTicksAndRejections (node:internal/process/task_queues:105:5)",
                "diff": "- 403\n+ 401\n"
              },
              "uuid": "efdce927-fc93-4ccf-983d-9b7c8186e97a",
              "parentUUID": "00a4b05b-e165-4554-aeae-5bdbb60fdfc3",
              "isHook": false,
              "skipped": false
            }
          ],
          "suites": [],
          "passes": [
            "01e9757a-a1c3-4019-852b-821c866e7d08"
          ],
          "failures": [
            "efdce927-fc93-4ccf-983d-9b7c8186e97a"
          ],
          "pending": [],
          "skipped": [],
          "duration": 11,
          "root": false,
          "rootEmpty": false,
          "_timeout": 2000
        }
      ],
      "passes": [],
      "failures": [],
      "pending": [],
      "skipped": [],
      "duration": 0,
      "root": true,
      "rootEmpty": true,
      "_timeout": 2000
    }
  ],
  "meta": {
    "mocha": {
      "version": "11.7.4"
    },
    "mochawesome": {
      "options": {
        "quiet": false,
        "reportFilename": "api-report",
        "saveHtml": true,
        "saveJson": true,
        "consoleReporter": "spec",
        "useInlineDiffs": false,
        "code": true
      },
      "version": "7.1.4"
    },
    "marge": {
      "options": {
        "reportDir": "mochawesome-report",
        "reportFilename": "api-report"
      },
      "version": "6.3.2"
    }
  }
}